\BOOKMARK [0][-]{chapter.1}{1 Lastenheft}{}% 1
\BOOKMARK [1][-]{section.1.1}{1.1 Benutzerschnittstellen}{chapter.1}% 2
\BOOKMARK [1][-]{section.1.2}{1.2 Funktionale Anforderungen}{chapter.1}% 3
\BOOKMARK [2][-]{subsection.1.2.1}{1.2.1 Ui-Anf-1}{section.1.2}% 4
\BOOKMARK [2][-]{subsection.1.2.2}{1.2.2 Ui-Anf-3}{section.1.2}% 5
\BOOKMARK [2][-]{subsection.1.2.3}{1.2.3 Ui-Anf-4}{section.1.2}% 6
\BOOKMARK [2][-]{subsection.1.2.4}{1.2.4 Ui-Anf-5}{section.1.2}% 7
\BOOKMARK [2][-]{subsection.1.2.5}{1.2.5 Backend-Anf-1}{section.1.2}% 8
\BOOKMARK [2][-]{subsection.1.2.6}{1.2.6 Backend-Anf-2}{section.1.2}% 9
\BOOKMARK [2][-]{subsection.1.2.7}{1.2.7 Backend-Anf-3}{section.1.2}% 10
\BOOKMARK [2][-]{subsection.1.2.8}{1.2.8 Backend-Anf-4}{section.1.2}% 11
\BOOKMARK [2][-]{subsection.1.2.9}{1.2.9 Backend-Anf-5}{section.1.2}% 12
\BOOKMARK [2][-]{subsection.1.2.10}{1.2.10 Backend-Anf-6}{section.1.2}% 13
\BOOKMARK [1][-]{section.1.3}{1.3 Nicht Funktionale Anforderungen}{chapter.1}% 14
\BOOKMARK [2][-]{subsection.1.3.1}{1.3.1 QM-Sicherheit}{section.1.3}% 15
\BOOKMARK [2][-]{subsection.1.3.2}{1.3.2 QM-Robustheit}{section.1.3}% 16
\BOOKMARK [2][-]{subsection.1.3.3}{1.3.3 QM-Wiederherstellbarkeit}{section.1.3}% 17
\BOOKMARK [2][-]{subsection.1.3.4}{1.3.4 QM-Erlernbarkeit}{section.1.3}% 18
\BOOKMARK [2][-]{subsection.1.3.5}{1.3.5 QM-Einfachheit}{section.1.3}% 19
\BOOKMARK [2][-]{subsection.1.3.6}{1.3.6 RG-1}{section.1.3}% 20
\BOOKMARK [0][-]{chapter.2}{2 Pflichtenheft}{}% 21
\BOOKMARK [1][-]{section.2.1}{2.1 Zielbestimmung}{chapter.2}% 22
\BOOKMARK [2][-]{subsection.2.1.1}{2.1.1 Musskriterien}{section.2.1}% 23
\BOOKMARK [2][-]{subsection.2.1.2}{2.1.2 Sollkriterien}{section.2.1}% 24
\BOOKMARK [2][-]{subsection.2.1.3}{2.1.3 Kannkriterien}{section.2.1}% 25
\BOOKMARK [2][-]{subsection.2.1.4}{2.1.4 Abgrenzungskriterien}{section.2.1}% 26
\BOOKMARK [1][-]{section.2.2}{2.2 Einsatz}{chapter.2}% 27
\BOOKMARK [2][-]{subsection.2.2.1}{2.2.1 Anwendungsbereiche}{section.2.2}% 28
\BOOKMARK [2][-]{subsection.2.2.2}{2.2.2 Zielgruppen}{section.2.2}% 29
\BOOKMARK [1][-]{section.2.3}{2.3 Umgebung}{chapter.2}% 30
\BOOKMARK [2][-]{subsection.2.3.1}{2.3.1 Software}{section.2.3}% 31
\BOOKMARK [2][-]{subsection.2.3.2}{2.3.2 Hardware}{section.2.3}% 32
\BOOKMARK [1][-]{section.2.4}{2.4 Funktionalit\344t}{chapter.2}% 33
\BOOKMARK [2][-]{subsection.2.4.1}{2.4.1 Anzeige des Wahlergebnisses einer Bundestagswahl}{section.2.4}% 34
\BOOKMARK [2][-]{subsection.2.4.2}{2.4.2 Anzeige des Wahlergebnisses einer Bundestagswahl in einem Wahlkreis}{section.2.4}% 35
\BOOKMARK [2][-]{subsection.2.4.3}{2.4.3 Abgabe einer Einzelstimme}{section.2.4}% 36
\BOOKMARK [2][-]{subsection.2.4.4}{2.4.4 Nichtfunktionale Anforderungen}{section.2.4}% 37
\BOOKMARK [2][-]{subsection.2.4.5}{2.4.5 Sicherheit}{section.2.4}% 38
\BOOKMARK [2][-]{subsection.2.4.6}{2.4.6 Robustheit und Verf\374gbarkeit}{section.2.4}% 39
\BOOKMARK [2][-]{subsection.2.4.7}{2.4.7 Korrektheit}{section.2.4}% 40
\BOOKMARK [2][-]{subsection.2.4.8}{2.4.8 Nutzbarkeit}{section.2.4}% 41
\BOOKMARK [2][-]{subsection.2.4.9}{2.4.9 Datengenerator}{section.2.4}% 42
\BOOKMARK [1][-]{section.2.5}{2.5 Daten}{chapter.2}% 43
\BOOKMARK [0][-]{chapter.3}{3 Dokumentation}{}% 44
\BOOKMARK [1][-]{section.3.1}{3.1 Aufsetzen des Systems}{chapter.3}% 45
\BOOKMARK [1][-]{section.3.2}{3.2 Benutzeroberfl\344che}{chapter.3}% 46
\BOOKMARK [2][-]{subsection.3.2.1}{3.2.1 Auswahl eines Wahljahres}{section.3.2}% 47
\BOOKMARK [2][-]{subsection.3.2.2}{3.2.2 Neuaggregierung der Stimmen}{section.3.2}% 48
\BOOKMARK [2][-]{subsection.3.2.3}{3.2.3 Parlament}{section.3.2}% 49
\BOOKMARK [2][-]{subsection.3.2.4}{3.2.4 District}{section.3.2}% 50
\BOOKMARK [2][-]{subsection.3.2.5}{3.2.5 Top10}{section.3.2}% 51
\BOOKMARK [2][-]{subsection.3.2.6}{3.2.6 Difference First Second Votes}{section.3.2}% 52
\BOOKMARK [2][-]{subsection.3.2.7}{3.2.7 First Votes}{section.3.2}% 53
\BOOKMARK [2][-]{subsection.3.2.8}{3.2.8 Women in Parliament}{section.3.2}% 54
\BOOKMARK [1][-]{section.3.3}{3.3 Berechnung der Ergebnisse}{chapter.3}% 55
\BOOKMARK [1][-]{section.3.4}{3.4 Funktion zur Stimmenabgabe}{chapter.3}% 56
\BOOKMARK [2][-]{subsection.3.4.1}{3.4.1 Vorbereitung des Systems f\374r die Stimmenabgabe}{section.3.4}% 57
\BOOKMARK [2][-]{subsection.3.4.2}{3.4.2 Wahl}{section.3.4}% 58
\BOOKMARK [2][-]{subsection.3.4.3}{3.4.3 Sicherheitskonzept}{section.3.4}% 59
\BOOKMARK [1][-]{section.3.5}{3.5 Auswertungen}{chapter.3}% 60
